<?xml version="1.0" encoding="UTF-8"?>
<!-- Generated by org.testng.reporters.JUnitReportReporter -->
<testsuite hostname="LAPTOP-H9QU5DP7" failures="0" tests="1" name="hrmTestclasses.LoginTest" time="17.332" errors="0" timestamp="2022-09-07T22:28:52 IST" skipped="0">
  <testcase classname="hrmTestclasses.LoginTest" name="VerifyLoginTest" time="17.332"/>
  <system-out/>
</testsuite> <!-- hrmTestclasses.LoginTest -->
