<?xml version="1.0" encoding="UTF-8"?>
<!-- Generated by org.testng.reporters.JUnitReportReporter -->
<testsuite hostname="LAPTOP-H9QU5DP7" failures="0" tests="2" name="hrmTestclasses.A" time="0.008" errors="0" timestamp="2022-10-01T20:11:22 IST" skipped="0">
  <testcase classname="hrmTestclasses.A" name="sampleTestAd" time="0.007"/>
  <system-out/>
  <testcase classname="hrmTestclasses.A" name="sampleTestAt" time="0.001"/>
  <system-out/>
</testsuite> <!-- hrmTestclasses.A -->
