<?xml version="1.0" encoding="UTF-8"?>
<!-- Generated by org.testng.reporters.JUnitReportReporter -->
<testsuite hostname="LAPTOP-H9QU5DP7" failures="0" tests="1" name="hrmTestclasses.PIMTest" time="28.463" errors="0" timestamp="2022-09-07T21:31:11 IST" skipped="0">
  <testcase classname="hrmTestclasses.PIMTest" name="Verifyuserisdeleted" time="28.463"/>
  <system-out/>
</testsuite> <!-- hrmTestclasses.PIMTest -->
