<?xml version="1.0" encoding="UTF-8"?>
<!-- Generated by org.testng.reporters.JUnitReportReporter -->
<testsuite hostname="LAPTOP-H9QU5DP7" failures="0" tests="2" name="hrmTestclasses.B" time="0.002" errors="0" timestamp="2022-10-01T20:11:22 IST" skipped="0">
  <testcase classname="hrmTestclasses.B" name="sampleTestA" time="0.002"/>
  <system-out/>
  <testcase classname="hrmTestclasses.B" name="sampleTestB" time="0.000"/>
  <system-out/>
</testsuite> <!-- hrmTestclasses.B -->
