<?xml version="1.0" encoding="UTF-8"?>
<!-- Generated by org.testng.reporters.JUnitReportReporter -->
<testsuite hostname="LAPTOP-H9QU5DP7" failures="0" tests="1" name="hrmTestclasses.As" time="17.308" errors="0" timestamp="2022-09-04T14:35:39 IST" skipped="0">
  <testcase classname="hrmTestclasses.As" name="VerifyLoginTest" time="17.308"/>
  <system-out/>
</testsuite> <!-- hrmTestclasses.As -->
