<?xml version="1.0" encoding="UTF-8"?>
<!-- Generated by org.testng.reporters.JUnitReportReporter -->
<testsuite hostname="LAPTOP-H9QU5DP7" failures="0" tests="1" name="com.hrm.qa.testcases.LoginTest" time="21.056" errors="0" timestamp="2022-09-14T19:36:14 IST" skipped="0">
  <testcase classname="com.hrm.qa.testcases.LoginTest" name="VerifyLoginTest" time="21.056"/>
  <system-out/>
</testsuite> <!-- com.hrm.qa.testcases.LoginTest -->
