<?xml version="1.0" encoding="UTF-8"?>
<!-- Generated by org.testng.reporters.JUnitReportReporter -->
<testsuite hostname="LAPTOP-H9QU5DP7" failures="0" tests="1" name="hrmTestclasses.PIMTest" time="35.684" errors="0" timestamp="2022-09-08T13:33:15 IST" skipped="0">
  <testcase classname="hrmTestclasses.PIMTest" name="Verifyuserisdeleted" time="35.684"/>
  <system-out/>
</testsuite> <!-- hrmTestclasses.PIMTest -->
