<?xml version="1.0" encoding="UTF-8"?>
<!-- Generated by org.testng.reporters.JUnitReportReporter -->
<testsuite hostname="LAPTOP-H9QU5DP7" failures="0" tests="1" name="com.hrm.qa.testcases.LoginTest" time="18.888" errors="0" timestamp="2022-09-22T17:21:35 IST" skipped="0">
  <testcase classname="com.hrm.qa.testcases.LoginTest" name="VerifyLoginTest" time="18.888"/>
  <system-out/>
</testsuite> <!-- com.hrm.qa.testcases.LoginTest -->
