<?xml version="1.0" encoding="UTF-8"?>
<!-- Generated by org.testng.reporters.JUnitReportReporter -->
<testsuite hostname="LAPTOP-H9QU5DP7" failures="0" tests="1" name="com.hrm.qa.testcases.LoginTest" time="23.508" errors="0" timestamp="2022-09-19T09:35:31 IST" skipped="0">
  <testcase classname="com.hrm.qa.testcases.LoginTest" name="VerifyLoginTest" time="23.508"/>
  <system-out/>
</testsuite> <!-- com.hrm.qa.testcases.LoginTest -->
