<?xml version="1.0" encoding="UTF-8"?>
<!-- Generated by org.testng.reporters.JUnitReportReporter -->
<testsuite hostname="LAPTOP-H9QU5DP7" failures="0" tests="1" name="hrmTestclasses.PIMTest" time="27.728" errors="0" timestamp="2022-09-09T16:44:21 IST" skipped="0">
  <testcase classname="hrmTestclasses.PIMTest" name="Verifyuserisdeleted" time="27.728"/>
  <system-out/>
</testsuite> <!-- hrmTestclasses.PIMTest -->
