<?xml version="1.0" encoding="UTF-8"?>
<!-- Generated by org.testng.reporters.JUnitReportReporter -->
<testsuite hostname="LAPTOP-H9QU5DP7" failures="0" tests="1" name="hrmTestclasses.LoginTest" time="13.951" errors="0" timestamp="2022-09-09T16:11:47 IST" skipped="0">
  <testcase classname="hrmTestclasses.LoginTest" name="VerifyLoginTest" time="13.951"/>
  <system-out/>
</testsuite> <!-- hrmTestclasses.LoginTest -->
