<?xml version="1.0" encoding="UTF-8"?>
<!-- Generated by org.testng.reporters.JUnitReportReporter -->
<testsuite hostname="LAPTOP-H9QU5DP7" failures="0" tests="1" name="hrmTestclasses.As" time="0.010" errors="0" timestamp="2022-09-04T14:07:17 IST" skipped="0">
  <testcase classname="hrmTestclasses.As" name="fg" time="0.010"/>
  <system-out/>
</testsuite> <!-- hrmTestclasses.As -->
